{"/home/ena/Desktop/Proyectos de Laboratoria/LIM012-fe-md-links/src/index.js": {"path":"/home/ena/Desktop/Proyectos de Laboratoria/LIM012-fe-md-links/src/index.js","statementMap":{"0":{"start":{"line":4,"column":13},"end":{"line":4,"column":28}},"1":{"start":{"line":5,"column":13},"end":{"line":5,"column":28}},"2":{"start":{"line":6,"column":11},"end":{"line":6,"column":24}},"3":{"start":{"line":10,"column":22},"end":{"line":10,"column":86}},"4":{"start":{"line":10,"column":39},"end":{"line":10,"column":85}},"5":{"start":{"line":11,"column":0},"end":{"line":11,"column":42}},"6":{"start":{"line":15,"column":20},"end":{"line":15,"column":105}},"7":{"start":{"line":15,"column":37},"end":{"line":15,"column":104}},"8":{"start":{"line":16,"column":0},"end":{"line":16,"column":42}},"9":{"start":{"line":19,"column":0},"end":{"line":22,"column":2}}},"fnMap":{"0":{"name":"(anonymous_0)","decl":{"start":{"line":10,"column":22},"end":{"line":10,"column":23}},"loc":{"start":{"line":10,"column":39},"end":{"line":10,"column":85}},"line":10},"1":{"name":"(anonymous_1)","decl":{"start":{"line":15,"column":20},"end":{"line":15,"column":21}},"loc":{"start":{"line":15,"column":37},"end":{"line":15,"column":104}},"line":15}},"branchMap":{"0":{"loc":{"start":{"line":10,"column":39},"end":{"line":10,"column":85}},"type":"cond-expr","locations":[{"start":{"line":10,"column":67},"end":{"line":10,"column":77}},{"start":{"line":10,"column":80},"end":{"line":10,"column":85}}],"line":10},"1":{"loc":{"start":{"line":15,"column":37},"end":{"line":15,"column":104}},"type":"cond-expr","locations":[{"start":{"line":15,"column":67},"end":{"line":15,"column":77}},{"start":{"line":15,"column":80},"end":{"line":15,"column":104}}],"line":15}},"s":{"0":1,"1":1,"2":1,"3":1,"4":3,"5":1,"6":1,"7":3,"8":1,"9":1},"f":{"0":3,"1":3},"b":{"0":[2,1],"1":[1,2]},"_coverageSchema":"1a1c01bbd47fc00a2c39e90264f33305004495a9","hash":"d699f3c16dfd9680e12c53f9f1f793821f227314"}
}
