{"/home/ena/Desktop/Proyectos-de-Laboratoria/LIM012-fe-md-links/_mocks_/nodeFetch.js": {"path":"/home/ena/Desktop/Proyectos-de-Laboratoria/LIM012-fe-md-links/_mocks_/nodeFetch.js","statementMap":{"0":{"start":{"line":2,"column":18},"end":{"line":2,"column":50}},"1":{"start":{"line":3,"column":18},"end":{"line":3,"column":49}},"2":{"start":{"line":5,"column":0},"end":{"line":7,"column":3}},"3":{"start":{"line":9,"column":0},"end":{"line":9,"column":27}}},"fnMap":{},"branchMap":{},"s":{"0":1,"1":1,"2":1,"3":1},"f":{},"b":{},"_coverageSchema":"1a1c01bbd47fc00a2c39e90264f33305004495a9","hash":"32b2ac83ac72c4d9bb6543a938a1a9b91d20914a"}
,"/home/ena/Desktop/Proyectos-de-Laboratoria/LIM012-fe-md-links/src/index.js": {"path":"/home/ena/Desktop/Proyectos-de-Laboratoria/LIM012-fe-md-links/src/index.js","statementMap":{"0":{"start":{"line":2,"column":13},"end":{"line":2,"column":28}},"1":{"start":{"line":3,"column":11},"end":{"line":3,"column":24}},"2":{"start":{"line":4,"column":15},"end":{"line":4,"column":32}},"3":{"start":{"line":5,"column":14},"end":{"line":5,"column":30}},"4":{"start":{"line":6,"column":14},"end":{"line":6,"column":35}},"5":{"start":{"line":8,"column":18},"end":{"line":8,"column":23}},"6":{"start":{"line":10,"column":22},"end":{"line":10,"column":63}},"7":{"start":{"line":10,"column":38},"end":{"line":10,"column":63}},"8":{"start":{"line":12,"column":20},"end":{"line":12,"column":105}},"9":{"start":{"line":12,"column":37},"end":{"line":12,"column":104}},"10":{"start":{"line":14,"column":20},"end":{"line":14,"column":75}},"11":{"start":{"line":14,"column":37},"end":{"line":14,"column":74}},"12":{"start":{"line":16,"column":31},"end":{"line":16,"column":82}},"13":{"start":{"line":16,"column":47},"end":{"line":16,"column":82}},"14":{"start":{"line":18,"column":15},"end":{"line":18,"column":63}},"15":{"start":{"line":18,"column":31},"end":{"line":18,"column":63}},"16":{"start":{"line":20,"column":24},"end":{"line":20,"column":76}},"17":{"start":{"line":20,"column":41},"end":{"line":20,"column":75}},"18":{"start":{"line":22,"column":36},"end":{"line":35,"column":1}},"19":{"start":{"line":23,"column":27},"end":{"line":23,"column":29}},"20":{"start":{"line":24,"column":27},"end":{"line":24,"column":57}},"21":{"start":{"line":25,"column":25},"end":{"line":25,"column":49}},"22":{"start":{"line":26,"column":24},"end":{"line":26,"column":49}},"23":{"start":{"line":27,"column":2},"end":{"line":33,"column":5}},"24":{"start":{"line":28,"column":4},"end":{"line":32,"column":7}},"25":{"start":{"line":34,"column":2},"end":{"line":34,"column":26}},"26":{"start":{"line":37,"column":25},"end":{"line":51,"column":1}},"27":{"start":{"line":38,"column":23},"end":{"line":38,"column":45}},"28":{"start":{"line":39,"column":27},"end":{"line":39,"column":29}},"29":{"start":{"line":40,"column":2},"end":{"line":49,"column":3}},"30":{"start":{"line":41,"column":4},"end":{"line":44,"column":7}},"31":{"start":{"line":42,"column":27},"end":{"line":42,"column":56}},"32":{"start":{"line":43,"column":6},"end":{"line":43,"column":85}},"33":{"start":{"line":45,"column":9},"end":{"line":49,"column":3}},"34":{"start":{"line":46,"column":4},"end":{"line":48,"column":5}},"35":{"start":{"line":47,"column":6},"end":{"line":47,"column":44}},"36":{"start":{"line":50,"column":2},"end":{"line":50,"column":28}},"37":{"start":{"line":53,"column":32},"end":{"line":60,"column":1}},"38":{"start":{"line":54,"column":21},"end":{"line":54,"column":23}},"39":{"start":{"line":55,"column":20},"end":{"line":55,"column":43}},"40":{"start":{"line":56,"column":2},"end":{"line":58,"column":5}},"41":{"start":{"line":57,"column":4},"end":{"line":57,"column":71}},"42":{"start":{"line":59,"column":2},"end":{"line":59,"column":22}},"43":{"start":{"line":62,"column":30},"end":{"line":62,"column":91}},"44":{"start":{"line":62,"column":39},"end":{"line":62,"column":91}},"45":{"start":{"line":62,"column":57},"end":{"line":62,"column":90}},"46":{"start":{"line":64,"column":25},"end":{"line":79,"column":1}},"47":{"start":{"line":65,"column":24},"end":{"line":65,"column":54}},"48":{"start":{"line":66,"column":37},"end":{"line":66,"column":80}},"49":{"start":{"line":67,"column":25},"end":{"line":77,"column":8}},"50":{"start":{"line":67,"column":68},"end":{"line":77,"column":7}},"51":{"start":{"line":68,"column":25},"end":{"line":74,"column":5}},"52":{"start":{"line":74,"column":24},"end":{"line":77,"column":5}},"53":{"start":{"line":78,"column":2},"end":{"line":78,"column":37}},"54":{"start":{"line":81,"column":0},"end":{"line":92,"column":2}}},"fnMap":{"0":{"name":"(anonymous_0)","decl":{"start":{"line":10,"column":22},"end":{"line":10,"column":23}},"loc":{"start":{"line":10,"column":38},"end":{"line":10,"column":63}},"line":10},"1":{"name":"(anonymous_1)","decl":{"start":{"line":12,"column":20},"end":{"line":12,"column":21}},"loc":{"start":{"line":12,"column":37},"end":{"line":12,"column":104}},"line":12},"2":{"name":"(anonymous_2)","decl":{"start":{"line":14,"column":20},"end":{"line":14,"column":21}},"loc":{"start":{"line":14,"column":37},"end":{"line":14,"column":74}},"line":14},"3":{"name":"(anonymous_3)","decl":{"start":{"line":16,"column":31},"end":{"line":16,"column":32}},"loc":{"start":{"line":16,"column":47},"end":{"line":16,"column":82}},"line":16},"4":{"name":"(anonymous_4)","decl":{"start":{"line":18,"column":15},"end":{"line":18,"column":16}},"loc":{"start":{"line":18,"column":31},"end":{"line":18,"column":63}},"line":18},"5":{"name":"(anonymous_5)","decl":{"start":{"line":20,"column":24},"end":{"line":20,"column":25}},"loc":{"start":{"line":20,"column":41},"end":{"line":20,"column":75}},"line":20},"6":{"name":"(anonymous_6)","decl":{"start":{"line":22,"column":36},"end":{"line":22,"column":37}},"loc":{"start":{"line":22,"column":46},"end":{"line":35,"column":1}},"line":22},"7":{"name":"(anonymous_7)","decl":{"start":{"line":27,"column":62},"end":{"line":27,"column":63}},"loc":{"start":{"line":27,"column":79},"end":{"line":33,"column":3}},"line":27},"8":{"name":"(anonymous_8)","decl":{"start":{"line":37,"column":25},"end":{"line":37,"column":26}},"loc":{"start":{"line":37,"column":40},"end":{"line":51,"column":1}},"line":37},"9":{"name":"(anonymous_9)","decl":{"start":{"line":41,"column":49},"end":{"line":41,"column":50}},"loc":{"start":{"line":41,"column":59},"end":{"line":44,"column":5}},"line":41},"10":{"name":"(anonymous_10)","decl":{"start":{"line":53,"column":32},"end":{"line":53,"column":33}},"loc":{"start":{"line":53,"column":43},"end":{"line":60,"column":1}},"line":53},"11":{"name":"(anonymous_11)","decl":{"start":{"line":56,"column":20},"end":{"line":56,"column":21}},"loc":{"start":{"line":56,"column":38},"end":{"line":58,"column":3}},"line":56},"12":{"name":"(anonymous_12)","decl":{"start":{"line":62,"column":30},"end":{"line":62,"column":31}},"loc":{"start":{"line":62,"column":39},"end":{"line":62,"column":91}},"line":62},"13":{"name":"(anonymous_13)","decl":{"start":{"line":62,"column":47},"end":{"line":62,"column":48}},"loc":{"start":{"line":62,"column":57},"end":{"line":62,"column":90}},"line":62},"14":{"name":"(anonymous_14)","decl":{"start":{"line":64,"column":25},"end":{"line":64,"column":26}},"loc":{"start":{"line":64,"column":36},"end":{"line":79,"column":1}},"line":64},"15":{"name":"(anonymous_15)","decl":{"start":{"line":67,"column":56},"end":{"line":67,"column":57}},"loc":{"start":{"line":67,"column":68},"end":{"line":77,"column":7}},"line":67},"16":{"name":"(anonymous_16)","decl":{"start":{"line":68,"column":10},"end":{"line":68,"column":11}},"loc":{"start":{"line":68,"column":25},"end":{"line":74,"column":5}},"line":68},"17":{"name":"(anonymous_17)","decl":{"start":{"line":74,"column":14},"end":{"line":74,"column":15}},"loc":{"start":{"line":74,"column":24},"end":{"line":77,"column":5}},"line":74}},"branchMap":{"0":{"loc":{"start":{"line":12,"column":37},"end":{"line":12,"column":104}},"type":"cond-expr","locations":[{"start":{"line":12,"column":67},"end":{"line":12,"column":77}},{"start":{"line":12,"column":80},"end":{"line":12,"column":104}}],"line":12},"1":{"loc":{"start":{"line":40,"column":2},"end":{"line":49,"column":3}},"type":"if","locations":[{"start":{"line":40,"column":2},"end":{"line":49,"column":3}},{"start":{"line":40,"column":2},"end":{"line":49,"column":3}}],"line":40},"2":{"loc":{"start":{"line":45,"column":9},"end":{"line":49,"column":3}},"type":"if","locations":[{"start":{"line":45,"column":9},"end":{"line":49,"column":3}},{"start":{"line":45,"column":9},"end":{"line":49,"column":3}}],"line":45},"3":{"loc":{"start":{"line":46,"column":4},"end":{"line":48,"column":5}},"type":"if","locations":[{"start":{"line":46,"column":4},"end":{"line":48,"column":5}},{"start":{"line":46,"column":4},"end":{"line":48,"column":5}}],"line":46}},"s":{"0":3,"1":3,"2":3,"3":3,"4":3,"5":3,"6":3,"7":9,"8":3,"9":17,"10":3,"11":14,"12":3,"13":5,"14":3,"15":10,"16":3,"17":11,"18":3,"19":3,"20":3,"21":3,"22":3,"23":3,"24":9,"25":3,"26":3,"27":13,"28":13,"29":13,"30":4,"31":6,"32":6,"33":9,"34":9,"35":9,"36":13,"37":3,"38":3,"39":3,"40":3,"41":3,"42":3,"43":3,"44":2,"45":2,"46":3,"47":2,"48":2,"49":2,"50":6,"51":0,"52":0,"53":2,"54":3},"f":{"0":9,"1":17,"2":14,"3":5,"4":10,"5":11,"6":3,"7":9,"8":13,"9":6,"10":3,"11":3,"12":2,"13":2,"14":2,"15":6,"16":0,"17":0},"b":{"0":[16,1],"1":[4,9],"2":[9,0],"3":[9,0]},"_coverageSchema":"1a1c01bbd47fc00a2c39e90264f33305004495a9","hash":"292491fa351a15575d51364e16bec618e9f621b8"}
,"/home/ena/Desktop/Proyectos-de-Laboratoria/LIM012-fe-md-links/src/mdLinks.js": {"path":"/home/ena/Desktop/Proyectos-de-Laboratoria/LIM012-fe-md-links/src/mdLinks.js","statementMap":{"0":{"start":{"line":8,"column":4},"end":{"line":8,"column":25}},"1":{"start":{"line":10,"column":16},"end":{"line":24,"column":1}},"2":{"start":{"line":11,"column":21},"end":{"line":22,"column":4}},"3":{"start":{"line":12,"column":26},"end":{"line":12,"column":43}},"4":{"start":{"line":13,"column":4},"end":{"line":15,"column":5}},"5":{"start":{"line":14,"column":6},"end":{"line":14,"column":61}},"6":{"start":{"line":15,"column":6},"end":{"line":19,"column":5}},"7":{"start":{"line":16,"column":6},"end":{"line":18,"column":42}},"8":{"start":{"line":17,"column":8},"end":{"line":17,"column":22}},"9":{"start":{"line":18,"column":26},"end":{"line":18,"column":38}},"10":{"start":{"line":19,"column":6},"end":{"line":21,"column":5}},"11":{"start":{"line":20,"column":6},"end":{"line":20,"column":50}},"12":{"start":{"line":23,"column":2},"end":{"line":23,"column":20}},"13":{"start":{"line":26,"column":0},"end":{"line":26,"column":29}}},"fnMap":{"0":{"name":"(anonymous_0)","decl":{"start":{"line":10,"column":16},"end":{"line":10,"column":17}},"loc":{"start":{"line":10,"column":56},"end":{"line":24,"column":1}},"line":10},"1":{"name":"(anonymous_1)","decl":{"start":{"line":11,"column":33},"end":{"line":11,"column":34}},"loc":{"start":{"line":11,"column":54},"end":{"line":22,"column":3}},"line":11},"2":{"name":"(anonymous_2)","decl":{"start":{"line":16,"column":50},"end":{"line":16,"column":51}},"loc":{"start":{"line":16,"column":60},"end":{"line":18,"column":7}},"line":16},"3":{"name":"(anonymous_3)","decl":{"start":{"line":18,"column":15},"end":{"line":18,"column":16}},"loc":{"start":{"line":18,"column":24},"end":{"line":18,"column":40}},"line":18}},"branchMap":{"0":{"loc":{"start":{"line":10,"column":23},"end":{"line":10,"column":51}},"type":"default-arg","locations":[{"start":{"line":10,"column":33},"end":{"line":10,"column":51}}],"line":10},"1":{"loc":{"start":{"line":13,"column":4},"end":{"line":15,"column":5}},"type":"if","locations":[{"start":{"line":13,"column":4},"end":{"line":15,"column":5}},{"start":{"line":13,"column":4},"end":{"line":15,"column":5}}],"line":13},"2":{"loc":{"start":{"line":13,"column":8},"end":{"line":13,"column":133}},"type":"binary-expr","locations":[{"start":{"line":13,"column":9},"end":{"line":13,"column":37}},{"start":{"line":13,"column":41},"end":{"line":13,"column":71}},{"start":{"line":13,"column":77},"end":{"line":13,"column":105}},{"start":{"line":13,"column":109},"end":{"line":13,"column":132}}],"line":13},"3":{"loc":{"start":{"line":15,"column":6},"end":{"line":19,"column":5}},"type":"if","locations":[{"start":{"line":15,"column":6},"end":{"line":19,"column":5}},{"start":{"line":15,"column":6},"end":{"line":19,"column":5}}],"line":15},"4":{"loc":{"start":{"line":15,"column":10},"end":{"line":15,"column":67}},"type":"binary-expr","locations":[{"start":{"line":15,"column":10},"end":{"line":15,"column":38}},{"start":{"line":15,"column":42},"end":{"line":15,"column":67}}],"line":15},"5":{"loc":{"start":{"line":19,"column":6},"end":{"line":21,"column":5}},"type":"if","locations":[{"start":{"line":19,"column":6},"end":{"line":21,"column":5}},{"start":{"line":19,"column":6},"end":{"line":21,"column":5}}],"line":19}},"s":{"0":1,"1":1,"2":2,"3":2,"4":2,"5":0,"6":2,"7":1,"8":0,"9":0,"10":1,"11":0,"12":2,"13":1},"f":{"0":2,"1":2,"2":0,"3":0},"b":{"0":[0],"1":[0,2],"2":[2,2,2,2],"3":[1,1],"4":[2,2],"5":[0,1]},"_coverageSchema":"1a1c01bbd47fc00a2c39e90264f33305004495a9","hash":"2553798d1e214ae294a060705fadd663c4822cf1"}
}
