TN:
SF:_mocks_/nodeFetch.js
FNF:0
FNH:0
DA:2,1
DA:3,1
DA:5,1
DA:9,1
LF:4
LH:4
BRF:0
BRH:0
end_of_record
TN:
SF:src/index.js
FN:10,(anonymous_0)
FN:12,(anonymous_1)
FN:14,(anonymous_2)
FN:16,(anonymous_3)
FN:18,(anonymous_4)
FN:20,(anonymous_5)
FN:22,(anonymous_6)
FN:27,(anonymous_7)
FN:37,(anonymous_8)
FN:41,(anonymous_9)
FN:53,(anonymous_10)
FN:56,(anonymous_11)
FN:62,(anonymous_12)
FN:62,(anonymous_13)
FN:64,(anonymous_14)
FN:67,(anonymous_15)
FN:68,(anonymous_16)
FN:74,(anonymous_17)
FNF:18
FNH:16
FNDA:9,(anonymous_0)
FNDA:17,(anonymous_1)
FNDA:14,(anonymous_2)
FNDA:5,(anonymous_3)
FNDA:10,(anonymous_4)
FNDA:11,(anonymous_5)
FNDA:3,(anonymous_6)
FNDA:9,(anonymous_7)
FNDA:13,(anonymous_8)
FNDA:6,(anonymous_9)
FNDA:3,(anonymous_10)
FNDA:3,(anonymous_11)
FNDA:2,(anonymous_12)
FNDA:2,(anonymous_13)
FNDA:2,(anonymous_14)
FNDA:6,(anonymous_15)
FNDA:0,(anonymous_16)
FNDA:0,(anonymous_17)
DA:2,3
DA:3,3
DA:4,3
DA:5,3
DA:6,3
DA:8,3
DA:10,9
DA:12,17
DA:14,14
DA:16,5
DA:18,10
DA:20,11
DA:22,3
DA:23,3
DA:24,3
DA:25,3
DA:26,3
DA:27,3
DA:28,9
DA:34,3
DA:37,3
DA:38,13
DA:39,13
DA:40,13
DA:41,4
DA:42,6
DA:43,6
DA:45,9
DA:46,9
DA:47,9
DA:50,13
DA:53,3
DA:54,3
DA:55,3
DA:56,3
DA:57,3
DA:59,3
DA:62,3
DA:64,3
DA:65,2
DA:66,2
DA:67,6
DA:68,0
DA:74,0
DA:78,2
DA:81,3
LF:46
LH:44
BRDA:12,0,0,16
BRDA:12,0,1,1
BRDA:40,1,0,4
BRDA:40,1,1,9
BRDA:45,2,0,9
BRDA:45,2,1,0
BRDA:46,3,0,9
BRDA:46,3,1,0
BRF:8
BRH:6
end_of_record
TN:
SF:src/mdLinks.js
FN:9,(anonymous_0)
FN:10,(anonymous_1)
FN:17,(anonymous_2)
FN:19,(anonymous_3)
FNF:4
FNH:2
FNDA:2,(anonymous_0)
FNDA:2,(anonymous_1)
FNDA:0,(anonymous_2)
FNDA:0,(anonymous_3)
DA:7,1
DA:9,1
DA:10,2
DA:11,2
DA:12,2
DA:13,0
DA:14,2
DA:15,0
DA:16,2
DA:17,1
DA:18,0
DA:19,0
DA:20,1
DA:21,0
DA:24,2
DA:27,1
LF:16
LH:11
BRDA:9,0,0,0
BRDA:12,1,0,0
BRDA:12,1,1,2
BRDA:12,2,0,2
BRDA:12,2,1,2
BRDA:14,3,0,0
BRDA:14,3,1,2
BRDA:14,4,0,2
BRDA:14,4,1,2
BRDA:16,5,0,1
BRDA:16,5,1,1
BRDA:16,6,0,2
BRDA:16,6,1,2
BRDA:20,7,0,0
BRDA:20,7,1,1
BRF:15
BRH:11
end_of_record
