TN:
SF:_mocks_/nodeFetch.js
FNF:0
FNH:0
DA:2,1
DA:3,1
DA:5,1
DA:9,1
LF:4
LH:4
BRF:0
BRH:0
end_of_record
TN:
SF:src/index.js
FN:10,(anonymous_0)
FN:12,(anonymous_1)
FN:14,(anonymous_2)
FN:16,(anonymous_3)
FN:18,(anonymous_4)
FN:20,(anonymous_5)
FN:22,(anonymous_6)
FN:27,(anonymous_7)
FN:37,(anonymous_8)
FN:41,(anonymous_9)
FN:53,(anonymous_10)
FN:56,(anonymous_11)
FN:62,(anonymous_12)
FN:62,(anonymous_13)
FN:64,(anonymous_14)
FN:67,(anonymous_15)
FN:68,(anonymous_16)
FN:74,(anonymous_17)
FNF:18
FNH:16
FNDA:9,(anonymous_0)
FNDA:15,(anonymous_1)
FNDA:12,(anonymous_2)
FNDA:5,(anonymous_3)
FNDA:8,(anonymous_4)
FNDA:9,(anonymous_5)
FNDA:2,(anonymous_6)
FNDA:6,(anonymous_7)
FNDA:11,(anonymous_8)
FNDA:6,(anonymous_9)
FNDA:2,(anonymous_10)
FNDA:2,(anonymous_11)
FNDA:1,(anonymous_12)
FNDA:1,(anonymous_13)
FNDA:1,(anonymous_14)
FNDA:3,(anonymous_15)
FNDA:0,(anonymous_16)
FNDA:0,(anonymous_17)
DA:2,2
DA:3,2
DA:4,2
DA:5,2
DA:6,2
DA:8,2
DA:10,9
DA:12,15
DA:14,12
DA:16,5
DA:18,8
DA:20,9
DA:22,2
DA:23,2
DA:24,2
DA:25,2
DA:26,2
DA:27,2
DA:28,6
DA:34,2
DA:37,2
DA:38,11
DA:39,11
DA:40,11
DA:41,4
DA:42,6
DA:43,6
DA:45,7
DA:46,7
DA:47,7
DA:50,11
DA:53,2
DA:54,2
DA:55,2
DA:56,2
DA:57,2
DA:59,2
DA:62,2
DA:64,2
DA:65,1
DA:66,1
DA:67,3
DA:68,0
DA:74,0
DA:78,1
DA:81,2
LF:46
LH:44
BRDA:12,0,0,14
BRDA:12,0,1,1
BRDA:40,1,0,4
BRDA:40,1,1,7
BRDA:45,2,0,7
BRDA:45,2,1,0
BRDA:46,3,0,7
BRDA:46,3,1,0
BRF:8
BRH:6
end_of_record
TN:
SF:src/mdLinks.js
FN:9,(anonymous_0)
FN:10,(anonymous_1)
FN:17,(anonymous_2)
FN:19,(anonymous_3)
FNF:4
FNH:2
FNDA:2,(anonymous_0)
FNDA:2,(anonymous_1)
FNDA:0,(anonymous_2)
FNDA:0,(anonymous_3)
DA:7,1
DA:9,1
DA:10,2
DA:11,2
DA:12,2
DA:13,0
DA:14,2
DA:15,0
DA:16,2
DA:17,1
DA:18,0
DA:19,0
DA:20,1
DA:21,0
DA:24,2
DA:27,1
LF:16
LH:11
BRDA:9,0,0,0
BRDA:12,1,0,0
BRDA:12,1,1,2
BRDA:12,2,0,2
BRDA:12,2,1,2
BRDA:14,3,0,0
BRDA:14,3,1,2
BRDA:14,4,0,2
BRDA:14,4,1,2
BRDA:16,5,0,1
BRDA:16,5,1,1
BRDA:16,6,0,2
BRDA:16,6,1,2
BRDA:20,7,0,0
BRDA:20,7,1,1
BRF:15
BRH:11
end_of_record
